c:\users\bifi\source\repos\william.bienfait\1415_tfa\debug\vc120.pdb
c:\users\bifi\source\repos\william.bienfait\1415_tfa\debug\vc120.idb
c:\users\bifi\source\repos\william.bienfait\1415_tfa\debug\flib.obj
c:\users\bifi\source\repos\william.bienfait\1415_tfa\debug\flib_vec2.obj
c:\users\bifi\source\repos\william.bienfait\1415_tfa\debug\lua.obj
c:\users\bifi\source\repos\william.bienfait\1415_tfa\debug\button.obj
c:\users\bifi\source\repos\william.bienfait\1415_tfa\debug\card.obj
c:\users\bifi\source\repos\william.bienfait\1415_tfa\debug\cardlist.obj
c:\users\bifi\source\repos\william.bienfait\1415_tfa\debug\game.obj
c:\users\bifi\source\repos\william.bienfait\1415_tfa\debug\gamestate.obj
c:\users\bifi\source\repos\william.bienfait\1415_tfa\debug\luafunctions.obj
c:\users\bifi\source\repos\william.bienfait\1415_tfa\debug\main.obj
c:\users\bifi\source\repos\william.bienfait\1415_tfa\debug\player.obj
c:\users\bifi\source\repos\william.bienfait\1415_tfa\debug\sprites.obj
c:\users\bifi\source\repos\william.bienfait\1415_tfa\debug\tsll_item.obj
c:\users\bifi\source\repos\william.bienfait\1415_tfa\debug\txml_root.obj
c:\users\bifi\source\repos\william.bienfait\1415_tfa\debug\1415_tfa.ilk
c:\users\bifi\source\repos\william.bienfait\1415_tfa\debug\1415_tfa.exe
c:\users\bifi\source\repos\william.bienfait\1415_tfa\debug\1415_tfa.pdb
c:\users\bifi\source\repos\william.bienfait\1415_tfa\debug\1415_tfa.tlog\cl.command.1.tlog
c:\users\bifi\source\repos\william.bienfait\1415_tfa\debug\1415_tfa.tlog\cl.read.1.tlog
c:\users\bifi\source\repos\william.bienfait\1415_tfa\debug\1415_tfa.tlog\cl.write.1.tlog
c:\users\bifi\source\repos\william.bienfait\1415_tfa\debug\1415_tfa.tlog\link.command.1.tlog
c:\users\bifi\source\repos\william.bienfait\1415_tfa\debug\1415_tfa.tlog\link.read.1.tlog
c:\users\bifi\source\repos\william.bienfait\1415_tfa\debug\1415_tfa.tlog\link.write.1.tlog
